[0910/062024.074:INFO:CONSOLE(1)] "Download the Apollo DevTools for a better development experience: https://chrome.google.com/webstore/detail/apollo-client-developer-t/jdkknkkbebbapilgoeccciglkfbmbnfm", source: https://static.twitchcdn.net/assets/vendor-d43c2ec36440ca5e9399.js (1)
[0910/062024.723:INFO:CONSOLE(0)] "Error with Permissions-Policy header: Unrecognized feature: 'interest-cohort'.", source:  (0)
[0910/062222.094:INFO:CONSOLE(1)] "Download the Apollo DevTools for a better development experience: https://chrome.google.com/webstore/detail/apollo-client-developer-t/jdkknkkbebbapilgoeccciglkfbmbnfm", source: https://static.twitchcdn.net/assets/vendor-d43c2ec36440ca5e9399.js (1)
[0910/062222.676:INFO:CONSOLE(0)] "Error with Permissions-Policy header: Unrecognized feature: 'interest-cohort'.", source:  (0)
[0910/062412.435:INFO:CONSOLE(1)] "Download the Apollo DevTools for a better development experience: https://chrome.google.com/webstore/detail/apollo-client-developer-t/jdkknkkbebbapilgoeccciglkfbmbnfm", source: https://static.twitchcdn.net/assets/vendor-d43c2ec36440ca5e9399.js (1)
[0910/062412.997:INFO:CONSOLE(0)] "Error with Permissions-Policy header: Unrecognized feature: 'interest-cohort'.", source:  (0)
[0910/062515.953:WARNING:spdy_session.cc(3512)] Received HEADERS for invalid stream 17
[0910/064657.370:INFO:CONSOLE(1)] "Download the Apollo DevTools for a better development experience: https://chrome.google.com/webstore/detail/apollo-client-developer-t/jdkknkkbebbapilgoeccciglkfbmbnfm", source: https://static.twitchcdn.net/assets/vendor-d43c2ec36440ca5e9399.js (1)
[0910/064658.091:INFO:CONSOLE(0)] "Error with Permissions-Policy header: Unrecognized feature: 'interest-cohort'.", source:  (0)
[0910/064925.781:INFO:CONSOLE(1)] "Download the Apollo DevTools for a better development experience: https://chrome.google.com/webstore/detail/apollo-client-developer-t/jdkknkkbebbapilgoeccciglkfbmbnfm", source: https://static.twitchcdn.net/assets/vendor-d43c2ec36440ca5e9399.js (1)
[0910/064926.355:INFO:CONSOLE(0)] "Error with Permissions-Policy header: Unrecognized feature: 'interest-cohort'.", source:  (0)
[0910/064943.158:INFO:CONSOLE(1)] "Download the Apollo DevTools for a better development experience: https://chrome.google.com/webstore/detail/apollo-client-developer-t/jdkknkkbebbapilgoeccciglkfbmbnfm", source: https://static.twitchcdn.net/assets/vendor-d43c2ec36440ca5e9399.js (1)
[0910/064943.730:INFO:CONSOLE(0)] "Error with Permissions-Policy header: Unrecognized feature: 'interest-cohort'.", source:  (0)
[0910/065259.620:INFO:CONSOLE(1)] "Download the Apollo DevTools for a better development experience: https://chrome.google.com/webstore/detail/apollo-client-developer-t/jdkknkkbebbapilgoeccciglkfbmbnfm", source: https://static.twitchcdn.net/assets/vendor-d43c2ec36440ca5e9399.js (1)
[0910/065300.181:INFO:CONSOLE(0)] "Error with Permissions-Policy header: Unrecognized feature: 'interest-cohort'.", source:  (0)
[0910/065330.529:INFO:CONSOLE(1)] "Download the Apollo DevTools for a better development experience: https://chrome.google.com/webstore/detail/apollo-client-developer-t/jdkknkkbebbapilgoeccciglkfbmbnfm", source: https://static.twitchcdn.net/assets/vendor-d43c2ec36440ca5e9399.js (1)
[0910/065331.113:INFO:CONSOLE(0)] "Error with Permissions-Policy header: Unrecognized feature: 'interest-cohort'.", source:  (0)
[0910/065413.025:INFO:CONSOLE(1)] "Download the Apollo DevTools for a better development experience: https://chrome.google.com/webstore/detail/apollo-client-developer-t/jdkknkkbebbapilgoeccciglkfbmbnfm", source: https://static.twitchcdn.net/assets/vendor-d43c2ec36440ca5e9399.js (1)
[0910/065413.621:INFO:CONSOLE(0)] "Error with Permissions-Policy header: Unrecognized feature: 'interest-cohort'.", source:  (0)
[0910/065517.477:INFO:CONSOLE(1)] "Download the Apollo DevTools for a better development experience: https://chrome.google.com/webstore/detail/apollo-client-developer-t/jdkknkkbebbapilgoeccciglkfbmbnfm", source: https://static.twitchcdn.net/assets/vendor-d43c2ec36440ca5e9399.js (1)
[0910/065518.132:INFO:CONSOLE(0)] "Error with Permissions-Policy header: Unrecognized feature: 'interest-cohort'.", source:  (0)
[0910/065534.674:INFO:CONSOLE(1)] "Download the Apollo DevTools for a better development experience: https://chrome.google.com/webstore/detail/apollo-client-developer-t/jdkknkkbebbapilgoeccciglkfbmbnfm", source: https://static.twitchcdn.net/assets/vendor-d43c2ec36440ca5e9399.js (1)
[0910/065535.191:INFO:CONSOLE(0)] "Error with Permissions-Policy header: Unrecognized feature: 'interest-cohort'.", source:  (0)
[0910/065610.916:INFO:CONSOLE(1)] "Download the Apollo DevTools for a better development experience: https://chrome.google.com/webstore/detail/apollo-client-developer-t/jdkknkkbebbapilgoeccciglkfbmbnfm", source: https://static.twitchcdn.net/assets/vendor-d43c2ec36440ca5e9399.js (1)
[0910/065611.515:INFO:CONSOLE(0)] "Error with Permissions-Policy header: Unrecognized feature: 'interest-cohort'.", source:  (0)
[0910/065624.022:INFO:CONSOLE(1)] "Download the Apollo DevTools for a better development experience: https://chrome.google.com/webstore/detail/apollo-client-developer-t/jdkknkkbebbapilgoeccciglkfbmbnfm", source: https://static.twitchcdn.net/assets/vendor-d43c2ec36440ca5e9399.js (1)
[0910/065624.601:INFO:CONSOLE(0)] "Error with Permissions-Policy header: Unrecognized feature: 'interest-cohort'.", source:  (0)
[0910/065644.060:INFO:CONSOLE(1)] "Download the Apollo DevTools for a better development experience: https://chrome.google.com/webstore/detail/apollo-client-developer-t/jdkknkkbebbapilgoeccciglkfbmbnfm", source: https://static.twitchcdn.net/assets/vendor-d43c2ec36440ca5e9399.js (1)
[0910/065644.627:INFO:CONSOLE(0)] "Error with Permissions-Policy header: Unrecognized feature: 'interest-cohort'.", source:  (0)
[0910/070715.306:INFO:CONSOLE(1)] "Download the Apollo DevTools for a better development experience: https://chrome.google.com/webstore/detail/apollo-client-developer-t/jdkknkkbebbapilgoeccciglkfbmbnfm", source: https://static.twitchcdn.net/assets/vendor-d43c2ec36440ca5e9399.js (1)
[0910/070715.875:INFO:CONSOLE(0)] "Error with Permissions-Policy header: Unrecognized feature: 'interest-cohort'.", source:  (0)
[0910/070849.945:INFO:CONSOLE(1)] "Download the Apollo DevTools for a better development experience: https://chrome.google.com/webstore/detail/apollo-client-developer-t/jdkknkkbebbapilgoeccciglkfbmbnfm", source: https://static.twitchcdn.net/assets/vendor-d43c2ec36440ca5e9399.js (1)
[0910/070850.514:INFO:CONSOLE(0)] "Error with Permissions-Policy header: Unrecognized feature: 'interest-cohort'.", source:  (0)
[0910/070923.959:INFO:CONSOLE(1)] "Download the Apollo DevTools for a better development experience: https://chrome.google.com/webstore/detail/apollo-client-developer-t/jdkknkkbebbapilgoeccciglkfbmbnfm", source: https://static.twitchcdn.net/assets/vendor-d43c2ec36440ca5e9399.js (1)
[0910/070924.555:INFO:CONSOLE(0)] "Error with Permissions-Policy header: Unrecognized feature: 'interest-cohort'.", source:  (0)
[0910/071123.393:ERROR:gpu_init.cc(441)] Passthrough is not supported, GL is disabled
[0910/091918.005:INFO:CONSOLE(1)] "Download the Apollo DevTools for a better development experience: https://chrome.google.com/webstore/detail/apollo-client-developer-t/jdkknkkbebbapilgoeccciglkfbmbnfm", source: https://static.twitchcdn.net/assets/vendor-d43c2ec36440ca5e9399.js (1)
[0910/091918.640:INFO:CONSOLE(0)] "Error with Permissions-Policy header: Unrecognized feature: 'interest-cohort'.", source:  (0)
[0910/093333.157:INFO:CONSOLE(1)] "Download the Apollo DevTools for a better development experience: https://chrome.google.com/webstore/detail/apollo-client-developer-t/jdkknkkbebbapilgoeccciglkfbmbnfm", source: https://static.twitchcdn.net/assets/vendor-d43c2ec36440ca5e9399.js (1)
[0910/093333.773:INFO:CONSOLE(0)] "Error with Permissions-Policy header: Unrecognized feature: 'interest-cohort'.", source:  (0)
[0910/093703.401:INFO:CONSOLE(1)] "Download the Apollo DevTools for a better development experience: https://chrome.google.com/webstore/detail/apollo-client-developer-t/jdkknkkbebbapilgoeccciglkfbmbnfm", source: https://static.twitchcdn.net/assets/vendor-d43c2ec36440ca5e9399.js (1)
[0910/093704.017:INFO:CONSOLE(0)] "Error with Permissions-Policy header: Unrecognized feature: 'interest-cohort'.", source:  (0)
[0910/094839.842:INFO:CONSOLE(1)] "Download the Apollo DevTools for a better development experience: https://chrome.google.com/webstore/detail/apollo-client-developer-t/jdkknkkbebbapilgoeccciglkfbmbnfm", source: https://static.twitchcdn.net/assets/vendor-d43c2ec36440ca5e9399.js (1)
[0910/094840.490:INFO:CONSOLE(0)] "Error with Permissions-Policy header: Unrecognized feature: 'interest-cohort'.", source:  (0)
[0923/214715.231:ERROR:component_installer.cc(349)] Failed to read manifest or verify installation for Widevine Content Decryption Module (C:\Users\cadyn\AppData\Local\CEF\User Data\WidevineCdm\4.10.2209.0).: The system cannot find the path specified. (0x3)
[0923/214716.143:INFO:CONSOLE(1)] "Download the Apollo DevTools for a better development experience: https://chrome.google.com/webstore/detail/apollo-client-developer-t/jdkknkkbebbapilgoeccciglkfbmbnfm", source: https://static.twitchcdn.net/assets/vendor-31c188fd825a8136c76f.js (1)
[0923/214716.873:INFO:CONSOLE(0)] "Error with Permissions-Policy header: Unrecognized feature: 'interest-cohort'.", source:  (0)
[0923/214915.337:ERROR:gpu_init.cc(441)] Passthrough is not supported, GL is disabled
[0923/220256.427:INFO:CONSOLE(1)] "Download the Apollo DevTools for a better development experience: https://chrome.google.com/webstore/detail/apollo-client-developer-t/jdkknkkbebbapilgoeccciglkfbmbnfm", source: https://static.twitchcdn.net/assets/vendor-31c188fd825a8136c76f.js (1)
[0923/220257.107:INFO:CONSOLE(0)] "Error with Permissions-Policy header: Unrecognized feature: 'interest-cohort'.", source:  (0)
[0923/220346.918:INFO:CONSOLE(1)] "Download the Apollo DevTools for a better development experience: https://chrome.google.com/webstore/detail/apollo-client-developer-t/jdkknkkbebbapilgoeccciglkfbmbnfm", source: https://static.twitchcdn.net/assets/vendor-31c188fd825a8136c76f.js (1)
[0923/220347.537:INFO:CONSOLE(0)] "Error with Permissions-Policy header: Unrecognized feature: 'interest-cohort'.", source:  (0)
[0923/220730.516:INFO:CONSOLE(1)] "Download the Apollo DevTools for a better development experience: https://chrome.google.com/webstore/detail/apollo-client-developer-t/jdkknkkbebbapilgoeccciglkfbmbnfm", source: https://static.twitchcdn.net/assets/vendor-31c188fd825a8136c76f.js (1)
[0923/220731.192:INFO:CONSOLE(0)] "Error with Permissions-Policy header: Unrecognized feature: 'interest-cohort'.", source:  (0)
[0923/225747.717:INFO:CONSOLE(1)] "Download the Apollo DevTools for a better development experience: https://chrome.google.com/webstore/detail/apollo-client-developer-t/jdkknkkbebbapilgoeccciglkfbmbnfm", source: https://static.twitchcdn.net/assets/vendor-31c188fd825a8136c76f.js (1)
[0923/225748.300:INFO:CONSOLE(0)] "Error with Permissions-Policy header: Unrecognized feature: 'interest-cohort'.", source:  (0)
[0923/225936.453:INFO:CONSOLE(1)] "Download the Apollo DevTools for a better development experience: https://chrome.google.com/webstore/detail/apollo-client-developer-t/jdkknkkbebbapilgoeccciglkfbmbnfm", source: https://static.twitchcdn.net/assets/vendor-31c188fd825a8136c76f.js (1)
[0923/225937.091:INFO:CONSOLE(0)] "Error with Permissions-Policy header: Unrecognized feature: 'interest-cohort'.", source:  (0)
[0923/233443.423:INFO:CONSOLE(1)] "Download the Apollo DevTools for a better development experience: https://chrome.google.com/webstore/detail/apollo-client-developer-t/jdkknkkbebbapilgoeccciglkfbmbnfm", source: https://static.twitchcdn.net/assets/vendor-31c188fd825a8136c76f.js (1)
[0923/233443.994:INFO:CONSOLE(0)] "Error with Permissions-Policy header: Unrecognized feature: 'interest-cohort'.", source:  (0)
[0923/233459.538:INFO:CONSOLE(1)] "Download the Apollo DevTools for a better development experience: https://chrome.google.com/webstore/detail/apollo-client-developer-t/jdkknkkbebbapilgoeccciglkfbmbnfm", source: https://static.twitchcdn.net/assets/vendor-31c188fd825a8136c76f.js (1)
[0923/233500.157:INFO:CONSOLE(0)] "Error with Permissions-Policy header: Unrecognized feature: 'interest-cohort'.", source:  (0)
[0923/233802.156:INFO:CONSOLE(1)] "Download the Apollo DevTools for a better development experience: https://chrome.google.com/webstore/detail/apollo-client-developer-t/jdkknkkbebbapilgoeccciglkfbmbnfm", source: https://static.twitchcdn.net/assets/vendor-31c188fd825a8136c76f.js (1)
[0923/233802.740:INFO:CONSOLE(0)] "Error with Permissions-Policy header: Unrecognized feature: 'interest-cohort'.", source:  (0)
[0924/122048.417:INFO:CONSOLE(1)] "Download the Apollo DevTools for a better development experience: https://chrome.google.com/webstore/detail/apollo-client-developer-t/jdkknkkbebbapilgoeccciglkfbmbnfm", source: https://static.twitchcdn.net/assets/vendor-31c188fd825a8136c76f.js (1)
[0924/122049.015:INFO:CONSOLE(0)] "Error with Permissions-Policy header: Unrecognized feature: 'interest-cohort'.", source:  (0)
[0924/122247.747:ERROR:gpu_init.cc(441)] Passthrough is not supported, GL is disabled
[0924/122803.303:INFO:CONSOLE(1)] "Download the Apollo DevTools for a better development experience: https://chrome.google.com/webstore/detail/apollo-client-developer-t/jdkknkkbebbapilgoeccciglkfbmbnfm", source: https://static.twitchcdn.net/assets/vendor-31c188fd825a8136c76f.js (1)
[0924/122803.943:INFO:CONSOLE(0)] "Error with Permissions-Policy header: Unrecognized feature: 'interest-cohort'.", source:  (0)
[0924/123002.569:ERROR:gpu_init.cc(441)] Passthrough is not supported, GL is disabled
[0924/124921.695:INFO:CONSOLE(1)] "Download the Apollo DevTools for a better development experience: https://chrome.google.com/webstore/detail/apollo-client-developer-t/jdkknkkbebbapilgoeccciglkfbmbnfm", source: https://static.twitchcdn.net/assets/vendor-31c188fd825a8136c76f.js (1)
[0924/124922.294:INFO:CONSOLE(0)] "Error with Permissions-Policy header: Unrecognized feature: 'interest-cohort'.", source:  (0)
[0924/130131.785:INFO:CONSOLE(1)] "Download the Apollo DevTools for a better development experience: https://chrome.google.com/webstore/detail/apollo-client-developer-t/jdkknkkbebbapilgoeccciglkfbmbnfm", source: https://static.twitchcdn.net/assets/vendor-31c188fd825a8136c76f.js (1)
[0924/130132.392:INFO:CONSOLE(0)] "Error with Permissions-Policy header: Unrecognized feature: 'interest-cohort'.", source:  (0)
